<?xml version="1.0" encoding="UTF-8"?>
<!-- Generated by org.testng.reporters.JUnitReportReporter -->
<testsuite hostname="DESKTOP-14KK6FQ" name="scripts.Exotel_validation" tests="1" failures="0" timestamp="12 Jul 2021 13:52:18 GMT" time="4.177" errors="0">
  <testcase name="TestGetEndPoint" time="4.177" classname="scripts.Exotel_validation"/>
</testsuite> <!-- scripts.Exotel_validation -->
