<?xml version="1.0" encoding="UTF-8"?>
<!-- Generated by org.testng.reporters.JUnitReportReporter -->
<testsuite hostname="DESKTOP-3LK6P0J" name="commonMethods.Testcases" tests="1" failures="0" timestamp="4 Aug 2021 10:18:39 GMT" time="39.469" errors="0">
  <testcase name="outbound_003" time="39.469" classname="commonMethods.Testcases"/>
</testsuite> <!-- commonMethods.Testcases -->
