<?xml version="1.0" encoding="UTF-8"?>
<!-- Generated by org.testng.reporters.JUnitReportReporter -->
<testsuite hostname="saikumar-ThinkPad-L470" name="scripts.CustomerAPITests" tests="1" failures="0" timestamp="13 Mar 2018 08:29:59 GMT" time="0.554" errors="0">
  <testcase name="cusAuthNegative" time="0.554" classname="scripts.CustomerAPITests"/>
</testsuite> <!-- scripts.CustomerAPITests -->
