<?xml version="1.0" encoding="UTF-8"?>
<!-- Generated by org.testng.reporters.JUnitReportReporter -->
<testsuite hostname="saikumar-ThinkPad-L470" name="scripts.PositiveTestcases" tests="1" failures="0" timestamp="13 Mar 2018 14:15:27 GMT" time="4.534" errors="0">
  <testcase name="payLoadRequest" time="4.534" classname="scripts.PositiveTestcases"/>
</testsuite> <!-- scripts.PositiveTestcases -->
