<?xml version="1.0" encoding="UTF-8"?>
<!-- Generated by org.testng.reporters.JUnitReportReporter -->
<testsuite hostname="saikumar-ThinkPad-L470" name="scripts.ApiNegativeTestCases" tests="1" failures="0" timestamp="13 Mar 2018 12:46:59 GMT" time="3.297" errors="1">
  <testcase name="createTransactionwithInvalidCategory" time="3.297" classname="scripts.ApiNegativeTestCases">
    <error type="java.lang.StackOverflowError">
      <![CDATA[java.lang.StackOverflowError
	at java.lang.Class.privateGetDeclaredMethods(Class.java:2695)
	at java.lang.Class.getDeclaredMethods(Class.java:1975)
	at org.json.JSONObject.populateInternalMap(JSONObject.java:306)
	at org.json.JSONObject.<init>(JSONObject.java:294)
	at org.json.JSONObject.populateInternalMap(JSONObject.java:344)
	at org.json.JSONObject.<init>(JSONObject.java:294)
	at org.json.JSONObject.populateInternalMap(JSONObject.java:344)
	at org.json.JSONObject.<init>(JSONObject.java:294)
	at org.json.JSONObject.populateInternalMap(JSONObject.java:344)
	at org.json.JSONObject.<init>(JSONObject.java:294)
	at org.json.JSONObject.populateInternalMap(JSONObject.java:344)
	at org.json.JSONObject.<init>(JSONObject.java:294)
	at org.json.JSONObject.populateInternalMap(JSONObject.java:344)
	at org.json.JSONObject.<init>(JSONObject.java:294)
	at org.json.JSONObject.populateInternalMap(JSONObject.java:344)
	at org.json.JSONObject.<init>(JSONObject.java:294)
	at org.json.JSONObject.populateInternalMap(JSONObject.java:344)
	at org.json.JSONObject.<init>(JSONObject.java:294)
	at org.json.JSONObject.populateInternalMap(JSONObject.java:344)
	at org.json.JSONObject.<init>(JSONObject.java:294)
	at org.json.JSONObject.populateInternalMap(JSONObject.java:344)
	at org.json.JSONObject.<init>(JSONObject.java:294)
	at org.json.JSONObject.populateInternalMap(JSONObject.java:344)
	at org.json.JSONObject.<init>(JSONObject.java:294)
	at org.json.JSONObject.populateInternalMap(JSONObject.java:344)
	at org.json.JSONObject.<init>(JSONObject.java:294)
	at org.json.JSONObject.populateInternalMap(JSONObject.java:344)
	at org.json.JSONObject.<init>(JSONObject.java:294)
	at org.json.JSONObject.populateInternalMap(JSONObject.java:344)
	at org.json.JSONObject.<init>(JSONObject.java:294)
	at org.json.JSONObject.populateInternalMap(JSONObject.java:344)
	at org.json.JSONObject.<init>(JSONObject.java:294)
	at org.json.JSONObject.populateInternalMap(JSONObject.java:344)
	at org.json.JSONObject.<init>(JSONObject.java:294)
	at org.json.JSONObject.populateInternalMap(JSONObject.java:344)
	at org.json.JSONObject.<init>(JSONObject.java:294)
	at org.json.JSONObject.populateInternalMap(JSONObject.java:344)
	at org.json.JSONObject.<init>(JSONObject.java:294)
	at org.json.JSONObject.populateInternalMap(JSONObject.java:344)
	at org.json.JSONObject.<init>(JSONObject.java:294)
	at org.json.JSONObject.populateInternalMap(JSONObject.java:344)
	at org.json.JSONObject.<init>(JSONObject.java:294)
	at org.json.JSONObject.populateInternalMap(JSONObject.java:344)
	at org.json.JSONObject.<init>(JSONObject.java:294)
	at org.json.JSONObject.populateInternalMap(JSONObject.java:344)
	at org.json.JSONObject.<init>(JSONObject.java:294)
	at org.json.JSONObject.populateInternalMap(JSONObject.java:344)
	at org.json.JSONObject.<init>(JSONObject.java:294)
	at org.json.JSONObject.populateInternalMap(JSONObject.java:344)
	at org.json.JSONObject.<init>(JSONObject.java:294)
	at org.json.JSONObject.populateInternalMap(JSONObject.java:344)
	at org.json.JSONObject.<init>(JSONObject.java:294)
	at org.json.JSONObject.populateInternalMap(JSONObject.java:344)
	at org.json.JSONObject.<init>(JSONObject.java:294)
	at org.json.JSONObject.populateInternalMap(JSONObject.java:344)
	at org.json.JSONObject.<init>(JSONObject.java:294)
	at org.json.JSONObject.populateInternalMap(JSONObject.java:344)
	at org.json.JSONObject.<init>(JSONObject.java:294)
	at org.json.JSONObject.populateInternalMap(JSONObject.java:344)
	at org.json.JSONObject.<init>(JSONObject.java:294)
	at org.json.JSONObject.populateInternalMap(JSONObject.java:344)
	at org.json.JSONObject.<init>(JSONObject.java:294)
	at org.json.JSONObject.populateInternalMap(JSONObject.java:344)
	at org.json.JSONObject.<init>(JSONObject.java:294)
	at org.json.JSONObject.populateInternalMap(JSONObject.java:344)
	at org.json.JSONObject.<init>(JSONObject.java:294)
	at org.json.JSONObject.populateInternalMap(JSONObject.java:344)
	at org.json.JSONObject.<init>(JSONObject.java:294)
	at org.json.JSONObject.populateInternalMap(JSONObject.java:344)
	at org.json.JSONObject.<init>(JSONObject.java:294)
	at org.json.JSONObject.populateInternalMap(JSONObject.java:344)
	at org.json.JSONObject.<init>(JSONObject.java:294)
	at org.json.JSONObject.populateInternalMap(JSONObject.java:344)
	at org.json.JSONObject.<init>(JSONObject.java:294)
	at org.json.JSONObject.populateInternalMap(JSONObject.java:344)
	at org.json.JSONObject.<init>(JSONObject.java:294)
	at org.json.JSONObject.populateInternalMap(JSONObject.java:344)
	at org.json.JSONObject.<init>(JSONObject.java:294)
	at org.json.JSONObject.populateInternalMap(JSONObject.java:344)
	at org.json.JSONObject.<init>(JSONObject.java:294)
	at org.json.JSONObject.populateInternalMap(JSONObject.java:344)
	at org.json.JSONObject.<init>(JSONObject.java:294)
	at org.json.JSONObject.populateInternalMap(JSONObject.java:344)
	at org.json.JSONObject.<init>(JSONObject.java:294)
	at org.json.JSONObject.populateInternalMap(JSONObject.java:344)
	at org.json.JSONObject.<init>(JSONObject.java:294)
	at org.json.JSONObject.populateInternalMap(JSONObject.java:344)
	at org.json.JSONObject.<init>(JSONObject.java:294)
	at org.json.JSONObject.populateInternalMap(JSONObject.java:344)
	at org.json.JSONObject.<init>(JSONObject.java:294)
	at org.json.JSONObject.populateInternalMap(JSONObject.java:344)
	at org.json.JSONObject.<init>(JSONObject.java:294)
	at org.json.JSONObject.populateInternalMap(JSONObject.java:344)
	at org.json.JSONObject.<init>(JSONObject.java:294)
	at org.json.JSONObject.populateInternalMap(JSONObject.java:344)
	at org.json.JSONObject.<init>(JSONObject.java:294)
	at org.json.JSONObject.populateInternalMap(JSONObject.java:344)
	at org.json.JSONObject.<init>(JSONObject.java:294)
	at org.json.JSONObject.populateInternalMap(JSONObject.java:344)
	at org.json.JSONObject.<init>(JSONObject.java:294)
	at org.json.JSONObject.populateInternalMap(JSONObject.java:344)
	at org.json.JSONObject.<init>(JSONObject.java:294)
	at org.json.JSONObject.populateInternalMap(JSONObject.java:344)
	at org.json.JSONObject.<init>(JSONObject.java:294)
	at org.json.JSONObject.populateInternalMap(JSONObject.java:344)
	at org.json.JSONObject.<init>(JSONObject.java:294)
	at org.json.JSONObject.populateInternalMap(JSONObject.java:344)
	at org.json.JSONObject.<init>(JSONObject.java:294)
	at org.json.JSONObject.populateInternalMap(JSONObject.java:344)
	at org.json.JSONObject.<init>(JSONObject.java:294)
	at org.json.JSONObject.populateInternalMap(JSONObject.java:344)
	at org.json.JSONObject.<init>(JSONObject.java:294)
	at org.json.JSONObject.populateInternalMap(JSONObject.java:344)
	at org.json.JSONObject.<init>(JSONObject.java:294)
	at org.json.JSONObject.populateInternalMap(JSONObject.java:344)
	at org.json.JSONObject.<init>(JSONObject.java:294)
	at org.json.JSONObject.populateInternalMap(JSONObject.java:344)
	at org.json.JSONObject.<init>(JSONObject.java:294)
	at org.json.JSONObject.populateInternalMap(JSONObject.java:344)
	at org.json.JSONObject.<init>(JSONObject.java:294)
	at org.json.JSONObject.populateInternalMap(JSONObject.java:344)
	at org.json.JSONObject.<init>(JSONObject.java:294)
	at org.json.JSONObject.populateInternalMap(JSONObject.java:344)
	at org.json.JSONObject.<init>(JSONObject.java:294)
	at org.json.JSONObject.populateInternalMap(JSONObject.java:344)
	at org.json.JSONObject.<init>(JSONObject.java:294)
	at org.json.JSONObject.populateInternalMap(JSONObject.java:344)
	at org.json.JSONObject.<init>(JSONObject.java:294)
	at org.json.JSONObject.populateInternalMap(JSONObject.java:344)
	at org.json.JSONObject.<init>(JSONObject.java:294)
	at org.json.JSONObject.populateInternalMap(JSONObject.java:344)
	at org.json.JSONObject.<init>(JSONObject.java:294)
	at org.json.JSONObject.populateInternalMap(JSONObject.java:344)
	at org.json.JSONObject.<init>(JSONObject.java:294)
	at org.json.JSONObject.populateInternalMap(JSONObject.java:344)
	at org.json.JSONObject.<init>(JSONObject.java:294)
	at org.json.JSONObject.populateInternalMap(JSONObject.java:344)
	at org.json.JSONObject.<init>(JSONObject.java:294)
	at org.json.JSONObject.populateInternalMap(JSONObject.java:344)
	at org.json.JSONObject.<init>(JSONObject.java:294)
	at org.json.JSONObject.populateInternalMap(JSONObject.java:344)
	at org.json.JSONObject.<init>(JSONObject.java:294)
	at org.json.JSONObject.populateInternalMap(JSONObject.java:344)
	at org.json.JSONObject.<init>(JSONObject.java:294)
	at org.json.JSONObject.populateInternalMap(JSONObject.java:344)
	at org.json.JSONObject.<init>(JSONObject.java:294)
	at org.json.JSONObject.populateInternalMap(JSONObject.java:344)
	at org.json.JSONObject.<init>(JSONObject.java:294)
	at org.json.JSONObject.populateInternalMap(JSONObject.java:344)
	at org.json.JSONObject.<init>(JSONObject.java:294)
	at org.json.JSONObject.populateInternalMap(JSONObject.java:344)
	at org.json.JSONObject.<init>(JSONObject.java:294)
	at org.json.JSONObject.populateInternalMap(JSONObject.java:344)
	at org.json.JSONObject.<init>(JSONObject.java:294)
	at org.json.JSONObject.populateInternalMap(JSONObject.java:344)
	at org.json.JSONObject.<init>(JSONObject.java:294)
	at org.json.JSONObject.populateInternalMap(JSONObject.java:344)
	at org.json.JSONObject.<init>(JSONObject.java:294)
	at org.json.JSONObject.populateInternalMap(JSONObject.java:344)
	at org.json.JSONObject.<init>(JSONObject.java:294)
	at org.json.JSONObject.populateInternalMap(JSONObject.java:344)
	at org.json.JSONObject.<init>(JSONObject.java:294)
	at org.json.JSONObject.populateInternalMap(JSONObject.java:344)
	at org.json.JSONObject.<init>(JSONObject.java:294)
	at org.json.JSONObject.populateInternalMap(JSONObject.java:344)
	at org.json.JSONObject.<init>(JSONObject.java:294)
	at org.json.JSONObject.populateInternalMap(JSONObject.java:344)
	at org.json.JSONObject.<init>(JSONObject.java:294)
	at org.json.JSONObject.populateInternalMap(JSONObject.java:344)
	at org.json.JSONObject.<init>(JSONObject.java:294)
	at org.json.JSONObject.populateInternalMap(JSONObject.java:344)
	at org.json.JSONObject.<init>(JSONObject.java:294)
	at org.json.JSONObject.populateInternalMap(JSONObject.java:344)
	at org.json.JSONObject.<init>(JSONObject.java:294)
	at org.json.JSONObject.populateInternalMap(JSONObject.java:344)
	at org.json.JSONObject.<init>(JSONObject.java:294)
	at org.json.JSONObject.populateInternalMap(JSONObject.java:344)
	at org.json.JSONObject.<init>(JSONObject.java:294)
	at org.json.JSONObject.populateInternalMap(JSONObject.java:344)
	at org.json.JSONObject.<init>(JSONObject.java:294)
	at org.json.JSONObject.populateInternalMap(JSONObject.java:344)
	at org.json.JSONObject.<init>(JSONObject.java:294)
	at org.json.JSONObject.populateInternalMap(JSONObject.java:344)
	at org.json.JSONObject.<init>(JSONObject.java:294)
	at org.json.JSONObject.populateInternalMap(JSONObject.java:344)
	at org.json.JSONObject.<init>(JSONObject.java:294)
	at org.json.JSONObject.populateInternalMap(JSONObject.java:344)
	at org.json.JSONObject.<init>(JSONObject.java:294)
	at org.json.JSONObject.populateInternalMap(JSONObject.java:344)
	at org.json.JSONObject.<init>(JSONObject.java:294)
	at org.json.JSONObject.populateInternalMap(JSONObject.java:344)
	at org.json.JSONObject.<init>(JSONObject.java:294)
	at org.json.JSONObject.populateInternalMap(JSONObject.java:344)
	at org.json.JSONObject.<init>(JSONObject.java:294)
	at org.json.JSONObject.populateInternalMap(JSONObject.java:344)
	at org.json.JSONObject.<init>(JSONObject.java:294)
	at org.json.JSONObject.populateInternalMap(JSONObject.java:344)
	at org.json.JSONObject.<init>(JSONObject.java:294)
	at org.json.JSONObject.populateInternalMap(JSONObject.java:344)
	at org.json.JSONObject.<init>(JSONObject.java:294)
	at org.json.JSONObject.populateInternalMap(JSONObject.java:344)
	at org.json.JSONObject.<init>(JSONObject.java:294)
	at org.json.JSONObject.populateInternalMap(JSONObject.java:344)
	at org.json.JSONObject.<init>(JSONObject.java:294)
	at org.json.JSONObject.populateInternalMap(JSONObject.java:344)
	at org.json.JSONObject.<init>(JSONObject.java:294)
	at org.json.JSONObject.populateInternalMap(JSONObject.java:344)
	at org.json.JSONObject.<init>(JSONObject.java:294)
	at org.json.JSONObject.populateInternalMap(JSONObject.java:344)
	at org.json.JSONObject.<init>(JSONObject.java:294)
	at org.json.JSONObject.populateInternalMap(JSONObject.java:344)
	at org.json.JSONObject.<init>(JSONObject.java:294)
	at org.json.JSONObject.populateInternalMap(JSONObject.java:344)
	at org.json.JSONObject.<init>(JSONObject.java:294)
	at org.json.JSONObject.populateInternalMap(JSONObject.java:344)
	at org.json.JSONObject.<init>(JSONObject.java:294)
	at org.json.JSONObject.populateInternalMap(JSONObject.java:344)
	at org.json.JSONObject.<init>(JSONObject.java:294)
	at org.json.JSONObject.populateInternalMap(JSONObject.java:344)
	at org.json.JSONObject.<init>(JSONObject.java:294)
	at org.json.JSONObject.populateInternalMap(JSONObject.java:344)
	at org.json.JSONObject.<init>(JSONObject.java:294)
	at org.json.JSONObject.populateInternalMap(JSONObject.java:344)
	at org.json.JSONObject.<init>(JSONObject.java:294)
	at org.json.JSONObject.populateInternalMap(JSONObject.java:344)
	at org.json.JSONObject.<init>(JSONObject.java:294)
	at org.json.JSONObject.populateInternalMap(JSONObject.java:344)
	at org.json.JSONObject.<init>(JSONObject.java:294)
	at org.json.JSONObject.populateInternalMap(JSONObject.java:344)
	at org.json.JSONObject.<init>(JSONObject.java:294)
	at org.json.JSONObject.populateInternalMap(JSONObject.java:344)
	at org.json.JSONObject.<init>(JSONObject.java:294)
	at org.json.JSONObject.populateInternalMap(JSONObject.java:344)
	at org.json.JSONObject.<init>(JSONObject.java:294)
	at org.json.JSONObject.populateInternalMap(JSONObject.java:344)
	at org.json.JSONObject.<init>(JSONObject.java:294)
	at org.json.JSONObject.populateInternalMap(JSONObject.java:344)
	at org.json.JSONObject.<init>(JSONObject.java:294)
	at org.json.JSONObject.populateInternalMap(JSONObject.java:344)
	at org.json.JSONObject.<init>(JSONObject.java:294)
	at org.json.JSONObject.populateInternalMap(JSONObject.java:344)
	at org.json.JSONObject.<init>(JSONObject.java:294)
	at org.json.JSONObject.populateInternalMap(JSONObject.java:344)
	at org.json.JSONObject.<init>(JSONObject.java:294)
	at org.json.JSONObject.populateInternalMap(JSONObject.java:344)
	at org.json.JSONObject.<init>(JSONObject.java:294)
	at org.json.JSONObject.populateInternalMap(JSONObject.java:344)
	at org.json.JSONObject.<init>(JSONObject.java:294)
	at org.json.JSONObject.populateInternalMap(JSONObject.java:344)
	at org.json.JSONObject.<init>(JSONObject.java:294)
	at org.json.JSONObject.populateInternalMap(JSONObject.java:344)
	at org.json.JSONObject.<init>(JSONObject.java:294)
	at org.json.JSONObject.populateInternalMap(JSONObject.java:344)
	at org.json.JSONObject.<init>(JSONObject.java:294)
	at org.json.JSONObject.populateInternalMap(JSONObject.java:344)
	at org.json.JSONObject.<init>(JSONObject.java:294)
	at org.json.JSONObject.populateInternalMap(JSONObject.java:344)
	at org.json.JSONObject.<init>(JSONObject.java:294)
	at org.json.JSONObject.populateInternalMap(JSONObject.java:344)
	at org.json.JSONObject.<init>(JSONObject.java:294)
	at org.json.JSONObject.populateInternalMap(JSONObject.java:344)
	at org.json.JSONObject.<init>(JSONObject.java:294)
	at org.json.JSONObject.populateInternalMap(JSONObject.java:344)
	at org.json.JSONObject.<init>(JSONObject.java:294)
	at org.json.JSONObject.populateInternalMap(JSONObject.java:344)
	at org.json.JSONObject.<init>(JSONObject.java:294)
	at org.json.JSONObject.populateInternalMap(JSONObject.java:344)
	at org.json.JSONObject.<init>(JSONObject.java:294)
	at org.json.JSONObject.populateInternalMap(JSONObject.java:344)
	at org.json.JSONObject.<init>(JSONObject.java:294)
	at org.json.JSONObject.populateInternalMap(JSONObject.java:344)
	at org.json.JSONObject.<init>(JSONObject.java:294)
	at org.json.JSONObject.populateInternalMap(JSONObject.java:344)
	at org.json.JSONObject.<init>(JSONObject.java:294)
	at org.json.JSONObject.populateInternalMap(JSONObject.java:344)
	at org.json.JSONObject.<init>(JSONObject.java:294)
	at org.json.JSONObject.populateInternalMap(JSONObject.java:344)
	at org.json.JSONObject.<init>(JSONObject.java:294)
	at org.json.JSONObject.populateInternalMap(JSONObject.java:344)
	at org.json.JSONObject.<init>(JSONObject.java:294)
	at org.json.JSONObject.populateInternalMap(JSONObject.java:344)
	at org.json.JSONObject.<init>(JSONObject.java:294)
	at org.json.JSONObject.populateInternalMap(JSONObject.java:344)
	at org.json.JSONObject.<init>(JSONObject.java:294)
	at org.json.JSONObject.populateInternalMap(JSONObject.java:344)
	at org.json.JSONObject.<init>(JSONObject.java:294)
	at org.json.JSONObject.populateInternalMap(JSONObject.java:344)
	at org.json.JSONObject.<init>(JSONObject.java:294)
	at org.json.JSONObject.populateInternalMap(JSONObject.java:344)
	at org.json.JSONObject.<init>(JSONObject.java:294)
	at org.json.JSONObject.populateInternalMap(JSONObject.java:344)
	at org.json.JSONObject.<init>(JSONObject.java:294)
	at org.json.JSONObject.populateInternalMap(JSONObject.java:344)
	at org.json.JSONObject.<init>(JSONObject.java:294)
	at org.json.JSONObject.populateInternalMap(JSONObject.java:344)
	at org.json.JSONObject.<init>(JSONObject.java:294)
	at org.json.JSONObject.populateInternalMap(JSONObject.java:344)
	at org.json.JSONObject.<init>(JSONObject.java:294)
	at org.json.JSONObject.populateInternalMap(JSONObject.java:344)
	at org.json.JSONObject.<init>(JSONObject.java:294)
	at org.json.JSONObject.populateInternalMap(JSONObject.java:344)
	at org.json.JSONObject.<init>(JSONObject.java:294)
	at org.json.JSONObject.populateInternalMap(JSONObject.java:344)
	at org.json.JSONObject.<init>(JSONObject.java:294)
	at org.json.JSONObject.populateInternalMap(JSONObject.java:344)
	at org.json.JSONObject.<init>(JSONObject.java:294)
	at org.json.JSONObject.populateInternalMap(JSONObject.java:344)
	at org.json.JSONObject.<init>(JSONObject.java:294)
	at org.json.JSONObject.populateInternalMap(JSONObject.java:344)
	at org.json.JSONObject.<init>(JSONObject.java:294)
	at org.json.JSONObject.populateInternalMap(JSONObject.java:344)
	at org.json.JSONObject.<init>(JSONObject.java:294)
	at org.json.JSONObject.populateInternalMap(JSONObject.java:344)
	at org.json.JSONObject.<init>(JSONObject.java:294)
	at org.json.JSONObject.populateInternalMap(JSONObject.java:344)
	at org.json.JSONObject.<init>(JSONObject.java:294)
	at org.json.JSONObject.populateInternalMap(JSONObject.java:344)
	at org.json.JSONObject.<init>(JSONObject.java:294)
	at org.json.JSONObject.populateInternalMap(JSONObject.java:344)
	at org.json.JSONObject.<init>(JSONObject.java:294)
	at org.json.JSONObject.populateInternalMap(JSONObject.java:344)
	at org.json.JSONObject.<init>(JSONObject.java:294)
	at org.json.JSONObject.populateInternalMap(JSONObject.java:344)
	at org.json.JSONObject.<init>(JSONObject.java:294)
	at org.json.JSONObject.populateInternalMap(JSONObject.java:344)
	at org.json.JSONObject.<init>(JSONObject.java:294)
	at org.json.JSONObject.populateInternalMap(JSONObject.java:344)
	at org.json.JSONObject.<init>(JSONObject.java:294)
	at org.json.JSONObject.populateInternalMap(JSONObject.java:344)
	at org.json.JSONObject.<init>(JSONObject.java:294)
	at org.json.JSONObject.populateInternalMap(JSONObject.java:344)
	at org.json.JSONObject.<init>(JSONObject.java:294)
	at org.json.JSONObject.populateInternalMap(JSONObject.java:344)
	at org.json.JSONObject.<init>(JSONObject.java:294)
	at org.json.JSONObject.populateInternalMap(JSONObject.java:344)
	at org.json.JSONObject.<init>(JSONObject.java:294)
	at org.json.JSONObject.populateInternalMap(JSONObject.java:344)
	at org.json.JSONObject.<init>(JSONObject.java:294)
	at org.json.JSONObject.populateInternalMap(JSONObject.java:344)
	at org.json.JSONObject.<init>(JSONObject.java:294)
	at org.json.JSONObject.populateInternalMap(JSONObject.java:344)
	at org.json.JSONObject.<init>(JSONObject.java:294)
	at org.json.JSONObject.populateInternalMap(JSONObject.java:344)
	at org.json.JSONObject.<init>(JSONObject.java:294)
	at org.json.JSONObject.populateInternalMap(JSONObject.java:344)
	at org.json.JSONObject.<init>(JSONObject.java:294)
	at org.json.JSONObject.populateInternalMap(JSONObject.java:344)
	at org.json.JSONObject.<init>(JSONObject.java:294)
	at org.json.JSONObject.populateInternalMap(JSONObject.java:344)
	at org.json.JSONObject.<init>(JSONObject.java:294)
	at org.json.JSONObject.populateInternalMap(JSONObject.java:344)
	at org.json.JSONObject.<init>(JSONObject.java:294)
	at org.json.JSONObject.populateInternalMap(JSONObject.java:344)
	at org.json.JSONObject.<init>(JSONObject.java:294)
	at org.json.JSONObject.populateInternalMap(JSONObject.java:344)
	at org.json.JSONObject.<init>(JSONObject.java:294)
	at org.json.JSONObject.populateInternalMap(JSONObject.java:344)
	at org.json.JSONObject.<init>(JSONObject.java:294)
	at org.json.JSONObject.populateInternalMap(JSONObject.java:344)
	at org.json.JSONObject.<init>(JSONObject.java:294)
	at org.json.JSONObject.populateInternalMap(JSONObject.java:344)
	at org.json.JSONObject.<init>(JSONObject.java:294)
	at org.json.JSONObject.populateInternalMap(JSONObject.java:344)
	at org.json.JSONObject.<init>(JSONObject.java:294)
	at org.json.JSONObject.populateInternalMap(JSONObject.java:344)
	at org.json.JSONObject.<init>(JSONObject.java:294)
	at org.json.JSONObject.populateInternalMap(JSONObject.java:344)
	at org.json.JSONObject.<init>(JSONObject.java:294)
	at org.json.JSONObject.populateInternalMap(JSONObject.java:344)
	at org.json.JSONObject.<init>(JSONObject.java:294)
	at org.json.JSONObject.populateInternalMap(JSONObject.java:344)
	at org.json.JSONObject.<init>(JSONObject.java:294)
	at org.json.JSONObject.populateInternalMap(JSONObject.java:344)
	at org.json.JSONObject.<init>(JSONObject.java:294)
	at org.json.JSONObject.populateInternalMap(JSONObject.java:344)
	at org.json.JSONObject.<init>(JSONObject.java:294)
	at org.json.JSONObject.populateInternalMap(JSONObject.java:344)
	at org.json.JSONObject.<init>(JSONObject.java:294)
	at org.json.JSONObject.populateInternalMap(JSONObject.java:344)
	at org.json.JSONObject.<init>(JSONObject.java:294)
	at org.json.JSONObject.populateInternalMap(JSONObject.java:344)
	at org.json.JSONObject.<init>(JSONObject.java:294)
	at org.json.JSONObject.populateInternalMap(JSONObject.java:344)
	at org.json.JSONObject.<init>(JSONObject.java:294)
	at org.json.JSONObject.populateInternalMap(JSONObject.java:344)
	at org.json.JSONObject.<init>(JSONObject.java:294)
	at org.json.JSONObject.populateInternalMap(JSONObject.java:344)
	at org.json.JSONObject.<init>(JSONObject.java:294)
	at org.json.JSONObject.populateInternalMap(JSONObject.java:344)
	at org.json.JSONObject.<init>(JSONObject.java:294)
	at org.json.JSONObject.populateInternalMap(JSONObject.java:344)
	at org.json.JSONObject.<init>(JSONObject.java:294)
	at org.json.JSONObject.populateInternalMap(JSONObject.java:344)
	at org.json.JSONObject.<init>(JSONObject.java:294)
	at org.json.JSONObject.populateInternalMap(JSONObject.java:344)
	at org.json.JSONObject.<init>(JSONObject.java:294)
	at org.json.JSONObject.populateInternalMap(JSONObject.java:344)
	at org.json.JSONObject.<init>(JSONObject.java:294)
	at org.json.JSONObject.populateInternalMap(JSONObject.java:344)
	at org.json.JSONObject.<init>(JSONObject.java:294)
	at org.json.JSONObject.populateInternalMap(JSONObject.java:344)
	at org.json.JSONObject.<init>(JSONObject.java:294)
	at org.json.JSONObject.populateInternalMap(JSONObject.java:344)
	at org.json.JSONObject.<init>(JSONObject.java:294)
	at org.json.JSONObject.populateInternalMap(JSONObject.java:344)
	at org.json.JSONObject.<init>(JSONObject.java:294)
	at org.json.JSONObject.populateInternalMap(JSONObject.java:344)
	at org.json.JSONObject.<init>(JSONObject.java:294)
	at org.json.JSONObject.populateInternalMap(JSONObject.java:344)
	at org.json.JSONObject.<init>(JSONObject.java:294)
	at org.json.JSONObject.populateInternalMap(JSONObject.java:344)
	at org.json.JSONObject.<init>(JSONObject.java:294)
	at org.json.JSONObject.populateInternalMap(JSONObject.java:344)
	at org.json.JSONObject.<init>(JSONObject.java:294)
	at org.json.JSONObject.populateInternalMap(JSONObject.java:344)
	at org.json.JSONObject.<init>(JSONObject.java:294)
	at org.json.JSONObject.populateInternalMap(JSONObject.java:344)
	at org.json.JSONObject.<init>(JSONObject.java:294)
	at org.json.JSONObject.populateInternalMap(JSONObject.java:344)
	at org.json.JSONObject.<init>(JSONObject.java:294)
	at org.json.JSONObject.populateInternalMap(JSONObject.java:344)
	at org.json.JSONObject.<init>(JSONObject.java:294)
	at org.json.JSONObject.populateInternalMap(JSONObject.java:344)
	at org.json.JSONObject.<init>(JSONObject.java:294)
	at org.json.JSONObject.populateInternalMap(JSONObject.java:344)
	at org.json.JSONObject.<init>(JSONObject.java:294)
	at org.json.JSONObject.populateInternalMap(JSONObject.java:344)
	at org.json.JSONObject.<init>(JSONObject.java:294)
	at org.json.JSONObject.populateInternalMap(JSONObject.java:344)
	at org.json.JSONObject.<init>(JSONObject.java:294)
	at org.json.JSONObject.populateInternalMap(JSONObject.java:344)
	at org.json.JSONObject.<init>(JSONObject.java:294)
	at org.json.JSONObject.populateInternalMap(JSONObject.java:344)
	at org.json.JSONObject.<init>(JSONObject.java:294)
	at org.json.JSONObject.populateInternalMap(JSONObject.java:344)
	at org.json.JSONObject.<init>(JSONObject.java:294)
	at org.json.JSONObject.populateInternalMap(JSONObject.java:344)
	at org.json.JSONObject.<init>(JSONObject.java:294)
	at org.json.JSONObject.populateInternalMap(JSONObject.java:344)
	at org.json.JSONObject.<init>(JSONObject.java:294)
	at org.json.JSONObject.populateInternalMap(JSONObject.java:344)
	at org.json.JSONObject.<init>(JSONObject.java:294)
	at org.json.JSONObject.populateInternalMap(JSONObject.java:344)
	at org.json.JSONObject.<init>(JSONObject.java:294)
	at org.json.JSONObject.populateInternalMap(JSONObject.java:344)
	at org.json.JSONObject.<init>(JSONObject.java:294)
	at org.json.JSONObject.populateInternalMap(JSONObject.java:344)
	at org.json.JSONObject.<init>(JSONObject.java:294)
	at org.json.JSONObject.populateInternalMap(JSONObject.java:344)
	at org.json.JSONObject.<init>(JSONObject.java:294)
	at org.json.JSONObject.populateInternalMap(JSONObject.java:344)
	at org.json.JSONObject.<init>(JSONObject.java:294)
	at org.json.JSONObject.populateInternalMap(JSONObject.java:344)
	at org.json.JSONObject.<init>(JSONObject.java:294)
	at org.json.JSONObject.populateInternalMap(JSONObject.java:344)
	at org.json.JSONObject.<init>(JSONObject.java:294)
	at org.json.JSONObject.populateInternalMap(JSONObject.java:344)
	at org.json.JSONObject.<init>(JSONObject.java:294)
	at org.json.JSONObject.populateInternalMap(JSONObject.java:344)
	at org.json.JSONObject.<init>(JSONObject.java:294)
	at org.json.JSONObject.populateInternalMap(JSONObject.java:344)
	at org.json.JSONObject.<init>(JSONObject.java:294)
	at org.json.JSONObject.populateInternalMap(JSONObject.java:344)
	at org.json.JSONObject.<init>(JSONObject.java:294)
	at org.json.JSONObject.populateInternalMap(JSONObject.java:344)
	at org.json.JSONObject.<init>(JSONObject.java:294)
	at org.json.JSONObject.populateInternalMap(JSONObject.java:344)
	at org.json.JSONObject.<init>(JSONObject.java:294)
	at org.json.JSONObject.populateInternalMap(JSONObject.java:344)
	at org.json.JSONObject.<init>(JSONObject.java:294)
	at org.json.JSONObject.populateInternalMap(JSONObject.java:344)
	at org.json.JSONObject.<init>(JSONObject.java:294)
	at org.json.JSONObject.populateInternalMap(JSONObject.java:344)
	at org.json.JSONObject.<init>(JSONObject.java:294)
	at org.json.JSONObject.populateInternalMap(JSONObject.java:344)
	at org.json.JSONObject.<init>(JSONObject.java:294)
	at org.json.JSONObject.populateInternalMap(JSONObject.java:344)
	at org.json.JSONObject.<init>(JSONObject.java:294)
	at org.json.JSONObject.populateInternalMap(JSONObject.java:344)
	at org.json.JSONObject.<init>(JSONObject.java:294)
	at org.json.JSONObject.populateInternalMap(JSONObject.java:344)
	at org.json.JSONObject.<init>(JSONObject.java:294)
	at org.json.JSONObject.populateInternalMap(JSONObject.java:344)
	at org.json.JSONObject.<init>(JSONObject.java:294)
	at org.json.JSONObject.populateInternalMap(JSONObject.java:344)
	at org.json.JSONObject.<init>(JSONObject.java:294)
	at org.json.JSONObject.populateInternalMap(JSONObject.java:344)
	at org.json.JSONObject.<init>(JSONObject.java:294)
	at org.json.JSONObject.populateInternalMap(JSONObject.java:344)
	at org.json.JSONObject.<init>(JSONObject.java:294)
	at org.json.JSONObject.populateInternalMap(JSONObject.java:344)
	at org.json.JSONObject.<init>(JSONObject.java:294)
	at org.json.JSONObject.populateInternalMap(JSONObject.java:344)
	at org.json.JSONObject.<init>(JSONObject.java:294)
	at org.json.JSONObject.populateInternalMap(JSONObject.java:344)
	at org.json.JSONObject.<init>(JSONObject.java:294)
	at org.json.JSONObject.populateInternalMap(JSONObject.java:344)
	at org.json.JSONObject.<init>(JSONObject.java:294)
	at org.json.JSONObject.populateInternalMap(JSONObject.java:344)
	at org.json.JSONObject.<init>(JSONObject.java:294)
	at org.json.JSONObject.populateInternalMap(JSONObject.java:344)
	at org.json.JSONObject.<init>(JSONObject.java:294)
	at org.json.JSONObject.populateInternalMap(JSONObject.java:344)
	at org.json.JSONObject.<init>(JSONObject.java:294)
	at org.json.JSONObject.populateInternalMap(JSONObject.java:344)
	at org.json.JSONObject.<init>(JSONObject.java:294)
	at org.json.JSONObject.populateInternalMap(JSONObject.java:344)
	at org.json.JSONObject.<init>(JSONObject.java:294)
	at org.json.JSONObject.populateInternalMap(JSONObject.java:344)
	at org.json.JSONObject.<init>(JSONObject.java:294)
	at org.json.JSONObject.populateInternalMap(JSONObject.java:344)
	at org.json.JSONObject.<init>(JSONObject.java:294)
	at org.json.JSONObject.populateInternalMap(JSONObject.java:344)
	at org.json.JSONObject.<init>(JSONObject.java:294)
	at org.json.JSONObject.populateInternalMap(JSONObject.java:344)
	at org.json.JSONObject.<init>(JSONObject.java:294)
	at org.json.JSONObject.populateInternalMap(JSONObject.java:344)
	at org.json.JSONObject.<init>(JSONObject.java:294)
	at org.json.JSONObject.populateInternalMap(JSONObject.java:344)
	at org.json.JSONObject.<init>(JSONObject.java:294)
	at org.json.JSONObject.populateInternalMap(JSONObject.java:344)
	at org.json.JSONObject.<init>(JSONObject.java:294)
	at org.json.JSONObject.populateInternalMap(JSONObject.java:344)
	at org.json.JSONObject.<init>(JSONObject.java:294)
	at org.json.JSONObject.populateInternalMap(JSONObject.java:344)
	at org.json.JSONObject.<init>(JSONObject.java:294)
	at org.json.JSONObject.populateInternalMap(JSONObject.java:344)
	at org.json.JSONObject.<init>(JSONObject.java:294)
	at org.json.JSONObject.populateInternalMap(JSONObject.java:344)
	at org.json.JSONObject.<init>(JSONObject.java:294)
	at org.json.JSONObject.populateInternalMap(JSONObject.java:344)
	at org.json.JSONObject.<init>(JSONObject.java:294)
	at org.json.JSONObject.populateInternalMap(JSONObject.java:344)
	at org.json.JSONObject.<init>(JSONObject.java:294)
	at org.json.JSONObject.populateInternalMap(JSONObject.java:344)
	at org.json.JSONObject.<init>(JSONObject.java:294)
	at org.json.JSONObject.populateInternalMap(JSONObject.java:344)
	at org.json.JSONObject.<init>(JSONObject.java:294)
	at org.json.JSONObject.populateInternalMap(JSONObject.java:344)
	at org.json.JSONObject.<init>(JSONObject.java:294)
	at org.json.JSONObject.populateInternalMap(JSONObject.java:344)
	at org.json.JSONObject.<init>(JSONObject.java:294)
	at org.json.JSONObject.populateInternalMap(JSONObject.java:344)
	at org.json.JSONObject.<init>(JSONObject.java:294)
	at org.json.JSONObject.populateInternalMap(JSONObject.java:344)
	at org.json.JSONObject.<init>(JSONObject.java:294)
	at org.json.JSONObject.populateInternalMap(JSONObject.java:344)
	at org.json.JSONObject.<init>(JSONObject.java:294)
	at org.json.JSONObject.populateInternalMap(JSONObject.java:344)
	at org.json.JSONObject.<init>(JSONObject.java:294)
	at org.json.JSONObject.populateInternalMap(JSONObject.java:344)
	at org.json.JSONObject.<init>(JSONObject.java:294)
	at org.json.JSONObject.populateInternalMap(JSONObject.java:344)
	at org.json.JSONObject.<init>(JSONObject.java:294)
	at org.json.JSONObject.populateInternalMap(JSONObject.java:344)
	at org.json.JSONObject.<init>(JSONObject.java:294)
	at org.json.JSONObject.populateInternalMap(JSONObject.java:344)
	at org.json.JSONObject.<init>(JSONObject.java:294)
	at org.json.JSONObject.populateInternalMap(JSONObject.java:344)
	at org.json.JSONObject.<init>(JSONObject.java:294)
	at org.json.JSONObject.populateInternalMap(JSONObject.java:344)
	at org.json.JSONObject.<init>(JSONObject.java:294)
	at org.json.JSONObject.populateInternalMap(JSONObject.java:344)
	at org.json.JSONObject.<init>(JSONObject.java:294)
	at org.json.JSONObject.populateInternalMap(JSONObject.java:344)
	at org.json.JSONObject.<init>(JSONObject.java:294)
	at org.json.JSONObject.populateInternalMap(JSONObject.java:344)
	at org.json.JSONObject.<init>(JSONObject.java:294)
	at org.json.JSONObject.populateInternalMap(JSONObject.java:344)
	at org.json.JSONObject.<init>(JSONObject.java:294)
	at org.json.JSONObject.populateInternalMap(JSONObject.java:344)
	at org.json.JSONObject.<init>(JSONObject.java:294)
	at org.json.JSONObject.populateInternalMap(JSONObject.java:344)
	at org.json.JSONObject.<init>(JSONObject.java:294)
	at org.json.JSONObject.populateInternalMap(JSONObject.java:344)
	at org.json.JSONObject.<init>(JSONObject.java:294)
	at org.json.JSONObject.populateInternalMap(JSONObject.java:344)
	at org.json.JSONObject.<init>(JSONObject.java:294)
	at org.json.JSONObject.populateInternalMap(JSONObject.java:344)
	at org.json.JSONObject.<init>(JSONObject.java:294)
	at org.json.JSONObject.populateInternalMap(JSONObject.java:344)
	at org.json.JSONObject.<init>(JSONObject.java:294)
	at org.json.JSONObject.populateInternalMap(JSONObject.java:344)
	at org.json.JSONObject.<init>(JSONObject.java:294)
	at org.json.JSONObject.populateInternalMap(JSONObject.java:344)
	at org.json.JSONObject.<init>(JSONObject.java:294)
	at org.json.JSONObject.populateInternalMap(JSONObject.java:344)
	at org.json.JSONObject.<init>(JSONObject.java:294)
	at org.json.JSONObject.populateInternalMap(JSONObject.java:344)
	at org.json.JSONObject.<init>(JSONObject.java:294)
	at org.json.JSONObject.populateInternalMap(JSONObject.java:344)
	at org.json.JSONObject.<init>(JSONObject.java:294)
	at org.json.JSONObject.populateInternalMap(JSONObject.java:344)
	at org.json.JSONObject.<init>(JSONObject.java:294)
	at org.json.JSONObject.populateInternalMap(JSONObject.java:344)
	at org.json.JSONObject.<init>(JSONObject.java:294)
	at org.json.JSONObject.populateInternalMap(JSONObject.java:344)
	at org.json.JSONObject.<init>(JSONObject.java:294)
	at org.json.JSONObject.populateInternalMap(JSONObject.java:344)
	at org.json.JSONObject.<init>(JSONObject.java:294)
	at org.json.JSONObject.populateInternalMap(JSONObject.java:344)
	at org.json.JSONObject.<init>(JSONObject.java:294)
	at org.json.JSONObject.populateInternalMap(JSONObject.java:344)
	at org.json.JSONObject.<init>(JSONObject.java:294)
	at org.json.JSONObject.populateInternalMap(JSONObject.java:344)
	at org.json.JSONObject.<init>(JSONObject.java:294)
	at org.json.JSONObject.populateInternalMap(JSONObject.java:344)
	at org.json.JSONObject.<init>(JSONObject.java:294)
	at org.json.JSONObject.populateInternalMap(JSONObject.java:344)
	at org.json.JSONObject.<init>(JSONObject.java:294)
	at org.json.JSONObject.populateInternalMap(JSONObject.java:344)
	at org.json.JSONObject.<init>(JSONObject.java:294)
	at org.json.JSONObject.populateInternalMap(JSONObject.java:344)
	at org.json.JSONObject.<init>(JSONObject.java:294)
	at org.json.JSONObject.populateInternalMap(JSONObject.java:344)
	at org.json.JSONObject.<init>(JSONObject.java:294)
	at org.json.JSONObject.populateInternalMap(JSONObject.java:344)
	at org.json.JSONObject.<init>(JSONObject.java:294)
	at org.json.JSONObject.populateInternalMap(JSONObject.java:344)
	at org.json.JSONObject.<init>(JSONObject.java:294)
	at org.json.JSONObject.populateInternalMap(JSONObject.java:344)
	at org.json.JSONObject.<init>(JSONObject.java:294)
	at org.json.JSONObject.populateInternalMap(JSONObject.java:344)
	at org.json.JSONObject.<init>(JSONObject.java:294)
	at org.json.JSONObject.populateInternalMap(JSONObject.java:344)
	at org.json.JSONObject.<init>(JSONObject.java:294)
	at org.json.JSONObject.populateInternalMap(JSONObject.java:344)
	at org.json.JSONObject.<init>(JSONObject.java:294)
	at org.json.JSONObject.populateInternalMap(JSONObject.java:344)
	at org.json.JSONObject.<init>(JSONObject.java:294)
	at org.json.JSONObject.populateInternalMap(JSONObject.java:344)
	at org.json.JSONObject.<init>(JSONObject.java:294)
	at org.json.JSONObject.populateInternalMap(JSONObject.java:344)
	at org.json.JSONObject.<init>(JSONObject.java:294)
	at org.json.JSONObject.populateInternalMap(JSONObject.java:344)
	at org.json.JSONObject.<init>(JSONObject.java:294)
	at org.json.JSONObject.populateInternalMap(JSONObject.java:344)
	at org.json.JSONObject.<init>(JSONObject.java:294)
	at org.json.JSONObject.populateInternalMap(JSONObject.java:344)
	at org.json.JSONObject.<init>(JSONObject.java:294)
	at org.json.JSONObject.populateInternalMap(JSONObject.java:344)
	at org.json.JSONObject.<init>(JSONObject.java:294)
	at org.json.JSONObject.populateInternalMap(JSONObject.java:344)
	at org.json.JSONObject.<init>(JSONObject.java:294)
	at org.json.JSONObject.populateInternalMap(JSONObject.java:344)
	at org.json.JSONObject.<init>(JSONObject.java:294)
	at org.json.JSONObject.populateInternalMap(JSONObject.java:344)
	at org.json.JSONObject.<init>(JSONObject.java:294)
	at org.json.JSONObject.populateInternalMap(JSONObject.java:344)
	at org.json.JSONObject.<init>(JSONObject.java:294)
	at org.json.JSONObject.populateInternalMap(JSONObject.java:344)
	at org.json.JSONObject.<init>(JSONObject.java:294)
	at org.json.JSONObject.populateInternalMap(JSONObject.java:344)
	at org.json.JSONObject.<init>(JSONObject.java:294)
	at org.json.JSONObject.populateInternalMap(JSONObject.java:344)
	at org.json.JSONObject.<init>(JSONObject.java:294)
	at org.json.JSONObject.populateInternalMap(JSONObject.java:344)
	at org.json.JSONObject.<init>(JSONObject.java:294)
	at org.json.JSONObject.populateInternalMap(JSONObject.java:344)
	at org.json.JSONObject.<init>(JSONObject.java:294)
	at org.json.JSONObject.populateInternalMap(JSONObject.java:344)
	at org.json.JSONObject.<init>(JSONObject.java:294)
	at org.json.JSONObject.populateInternalMap(JSONObject.java:344)
	at org.json.JSONObject.<init>(JSONObject.java:294)
	at org.json.JSONObject.populateInternalMap(JSONObject.java:344)
	at org.json.JSONObject.<init>(JSONObject.java:294)
	at org.json.JSONObject.populateInternalMap(JSONObject.java:344)
	at org.json.JSONObject.<init>(JSONObject.java:294)
	at org.json.JSONObject.populateInternalMap(JSONObject.java:344)
	at org.json.JSONObject.<init>(JSONObject.java:294)
	at org.json.JSONObject.populateInternalMap(JSONObject.java:344)
	at org.json.JSONObject.<init>(JSONObject.java:294)
	at org.json.JSONObject.populateInternalMap(JSONObject.java:344)
	at org.json.JSONObject.<init>(JSONObject.java:294)
	at org.json.JSONObject.populateInternalMap(JSONObject.java:344)
	at org.json.JSONObject.<init>(JSONObject.java:294)
	at org.json.JSONObject.populateInternalMap(JSONObject.java:344)
	at org.json.JSONObject.<init>(JSONObject.java:294)
	at org.json.JSONObject.populateInternalMap(JSONObject.java:344)
	at org.json.JSONObject.<init>(JSONObject.java:294)
	at org.json.JSONObject.populateInternalMap(JSONObject.java:344)
	at org.json.JSONObject.<init>(JSONObject.java:294)
	at org.json.JSONObject.populateInternalMap(JSONObject.java:344)
	at org.json.JSONObject.<init>(JSONObject.java:294)
	at org.json.JSONObject.populateInternalMap(JSONObject.java:344)
	at org.json.JSONObject.<init>(JSONObject.java:294)
	at org.json.JSONObject.populateInternalMap(JSONObject.java:344)
	at org.json.JSONObject.<init>(JSONObject.java:294)
	at org.json.JSONObject.populateInternalMap(JSONObject.java:344)
	at org.json.JSONObject.<init>(JSONObject.java:294)
	at org.json.JSONObject.populateInternalMap(JSONObject.java:344)
	at org.json.JSONObject.<init>(JSONObject.java:294)
	at org.json.JSONObject.populateInternalMap(JSONObject.java:344)
	at org.json.JSONObject.<init>(JSONObject.java:294)
	at org.json.JSONObject.populateInternalMap(JSONObject.java:344)
	at org.json.JSONObject.<init>(JSONObject.java:294)
	at org.json.JSONObject.populateInternalMap(JSONObject.java:344)
	at org.json.JSONObject.<init>(JSONObject.java:294)
	at org.json.JSONObject.populateInternalMap(JSONObject.java:344)
	at org.json.JSONObject.<init>(JSONObject.java:294)
	at org.json.JSONObject.populateInternalMap(JSONObject.java:344)
	at org.json.JSONObject.<init>(JSONObject.java:294)
	at org.json.JSONObject.populateInternalMap(JSONObject.java:344)
	at org.json.JSONObject.<init>(JSONObject.java:294)
	at org.json.JSONObject.populateInternalMap(JSONObject.java:344)
	at org.json.JSONObject.<init>(JSONObject.java:294)
	at org.json.JSONObject.populateInternalMap(JSONObject.java:344)
	at org.json.JSONObject.<init>(JSONObject.java:294)
	at org.json.JSONObject.populateInternalMap(JSONObject.java:344)
	at org.json.JSONObject.<init>(JSONObject.java:294)
	at org.json.JSONObject.populateInternalMap(JSONObject.java:344)
	at org.json.JSONObject.<init>(JSONObject.java:294)
	at org.json.JSONObject.populateInternalMap(JSONObject.java:344)
	at org.json.JSONObject.<init>(JSONObject.java:294)
	at org.json.JSONObject.populateInternalMap(JSONObject.java:344)
	at org.json.JSONObject.<init>(JSONObject.java:294)
	at org.json.JSONObject.populateInternalMap(JSONObject.java:344)
	at org.json.JSONObject.<init>(JSONObject.java:294)
	at org.json.JSONObject.populateInternalMap(JSONObject.java:344)
	at org.json.JSONObject.<init>(JSONObject.java:294)
	at org.json.JSONObject.populateInternalMap(JSONObject.java:344)
	at org.json.JSONObject.<init>(JSONObject.java:294)
	at org.json.JSONObject.populateInternalMap(JSONObject.java:344)
	at org.json.JSONObject.<init>(JSONObject.java:294)
	at org.json.JSONObject.populateInternalMap(JSONObject.java:344)
	at org.json.JSONObject.<init>(JSONObject.java:294)
	at org.json.JSONObject.populateInternalMap(JSONObject.java:344)
	at org.json.JSONObject.<init>(JSONObject.java:294)
	at org.json.JSONObject.populateInternalMap(JSONObject.java:344)
	at org.json.JSONObject.<init>(JSONObject.java:294)
	at org.json.JSONObject.populateInternalMap(JSONObject.java:344)
	at org.json.JSONObject.<init>(JSONObject.java:294)
	at org.json.JSONObject.populateInternalMap(JSONObject.java:344)
	at org.json.JSONObject.<init>(JSONObject.java:294)
	at org.json.JSONObject.populateInternalMap(JSONObject.java:344)
	at org.json.JSONObject.<init>(JSONObject.java:294)
	at org.json.JSONObject.populateInternalMap(JSONObject.java:344)
	at org.json.JSONObject.<init>(JSONObject.java:294)
	at org.json.JSONObject.populateInternalMap(JSONObject.java:344)
	at org.json.JSONObject.<init>(JSONObject.java:294)
	at org.json.JSONObject.populateInternalMap(JSONObject.java:344)
	at org.json.JSONObject.<init>(JSONObject.java:294)
	at org.json.JSONObject.populateInternalMap(JSONObject.java:344)
	at org.json.JSONObject.<init>(JSONObject.java:294)
	at org.json.JSONObject.populateInternalMap(JSONObject.java:344)
	at org.json.JSONObject.<init>(JSONObject.java:294)
	at org.json.JSONObject.populateInternalMap(JSONObject.java:344)
	at org.json.JSONObject.<init>(JSONObject.java:294)
	at org.json.JSONObject.populateInternalMap(JSONObject.java:344)
	at org.json.JSONObject.<init>(JSONObject.java:294)
	at org.json.JSONObject.populateInternalMap(JSONObject.java:344)
	at org.json.JSONObject.<init>(JSONObject.java:294)
	at org.json.JSONObject.populateInternalMap(JSONObject.java:344)
	at org.json.JSONObject.<init>(JSONObject.java:294)
	at org.json.JSONObject.populateInternalMap(JSONObject.java:344)
	at org.json.JSONObject.<init>(JSONObject.java:294)
	at org.json.JSONObject.populateInternalMap(JSONObject.java:344)
	at org.json.JSONObject.<init>(JSONObject.java:294)
	at org.json.JSONObject.populateInternalMap(JSONObject.java:344)
	at org.json.JSONObject.<init>(JSONObject.java:294)
	at org.json.JSONObject.populateInternalMap(JSONObject.java:344)
	at org.json.JSONObject.<init>(JSONObject.java:294)
	at org.json.JSONObject.populateInternalMap(JSONObject.java:344)
	at org.json.JSONObject.<init>(JSONObject.java:294)
	at org.json.JSONObject.populateInternalMap(JSONObject.java:344)
	at org.json.JSONObject.<init>(JSONObject.java:294)
	at org.json.JSONObject.populateInternalMap(JSONObject.java:344)
	at org.json.JSONObject.<init>(JSONObject.java:294)
	at org.json.JSONObject.populateInternalMap(JSONObject.java:344)
	at org.json.JSONObject.<init>(JSONObject.java:294)
	at org.json.JSONObject.populateInternalMap(JSONObject.java:344)
	at org.json.JSONObject.<init>(JSONObject.java:294)
	at org.json.JSONObject.populateInternalMap(JSONObject.java:344)
	at org.json.JSONObject.<init>(JSONObject.java:294)
	at org.json.JSONObject.populateInternalMap(JSONObject.java:344)
	at org.json.JSONObject.<init>(JSONObject.java:294)
	at org.json.JSONObject.populateInternalMap(JSONObject.java:344)
	at org.json.JSONObject.<init>(JSONObject.java:294)
	at org.json.JSONObject.populateInternalMap(JSONObject.java:344)
	at org.json.JSONObject.<init>(JSONObject.java:294)
	at org.json.JSONObject.populateInternalMap(JSONObject.java:344)
	at org.json.JSONObject.<init>(JSONObject.java:294)
	at org.json.JSONObject.populateInternalMap(JSONObject.java:344)
	at org.json.JSONObject.<init>(JSONObject.java:294)
	at org.json.JSONObject.populateInternalMap(JSONObject.java:344)
	at org.json.JSONObject.<init>(JSONObject.java:294)
	at org.json.JSONObject.populateInternalMap(JSONObject.java:344)
	at org.json.JSONObject.<init>(JSONObject.java:294)
	at org.json.JSONObject.populateInternalMap(JSONObject.java:344)
	at org.json.JSONObject.<init>(JSONObject.java:294)
	at org.json.JSONObject.populateInternalMap(JSONObject.java:344)
	at org.json.JSONObject.<init>(JSONObject.java:294)
	at org.json.JSONObject.populateInternalMap(JSONObject.java:344)
	at org.json.JSONObject.<init>(JSONObject.java:294)
	at org.json.JSONObject.populateInternalMap(JSONObject.java:344)
	at org.json.JSONObject.<init>(JSONObject.java:294)
	at org.json.JSONObject.populateInternalMap(JSONObject.java:344)
	at org.json.JSONObject.<init>(JSONObject.java:294)
	at org.json.JSONObject.populateInternalMap(JSONObject.java:344)
	at org.json.JSONObject.<init>(JSONObject.java:294)
	at org.json.JSONObject.populateInternalMap(JSONObject.java:344)
	at org.json.JSONObject.<init>(JSONObject.java:294)
	at org.json.JSONObject.populateInternalMap(JSONObject.java:344)
	at org.json.JSONObject.<init>(JSONObject.java:294)
	at org.json.JSONObject.populateInternalMap(JSONObject.java:344)
	at org.json.JSONObject.<init>(JSONObject.java:294)
	at org.json.JSONObject.populateInternalMap(JSONObject.java:344)
	at org.json.JSONObject.<init>(JSONObject.java:294)
	at org.json.JSONObject.populateInternalMap(JSONObject.java:344)
	at org.json.JSONObject.<init>(JSONObject.java:294)
	at org.json.JSONObject.populateInternalMap(JSONObject.java:344)
	at org.json.JSONObject.<init>(JSONObject.java:294)
	at org.json.JSONObject.populateInternalMap(JSONObject.java:344)
	at org.json.JSONObject.<init>(JSONObject.java:294)
	at org.json.JSONObject.populateInternalMap(JSONObject.java:344)
	at org.json.JSONObject.<init>(JSONObject.java:294)
	at org.json.JSONObject.populateInternalMap(JSONObject.java:344)
	at org.json.JSONObject.<init>(JSONObject.java:294)
	at org.json.JSONObject.populateInternalMap(JSONObject.java:344)
	at org.json.JSONObject.<init>(JSONObject.java:294)
	at org.json.JSONObject.populateInternalMap(JSONObject.java:344)
	at org.json.JSONObject.<init>(JSONObject.java:294)
	at org.json.JSONObject.populateInternalMap(JSONObject.java:344)
	at org.json.JSONObject.<init>(JSONObject.java:294)
	at org.json.JSONObject.populateInternalMap(JSONObject.java:344)
	at org.json.JSONObject.<init>(JSONObject.java:294)
	at org.json.JSONObject.populateInternalMap(JSONObject.java:344)
	at org.json.JSONObject.<init>(JSONObject.java:294)
	at org.json.JSONObject.populateInternalMap(JSONObject.java:344)
	at org.json.JSONObject.<init>(JSONObject.java:294)
	at org.json.JSONObject.populateInternalMap(JSONObject.java:344)
	at org.json.JSONObject.<init>(JSONObject.java:294)
	at org.json.JSONObject.populateInternalMap(JSONObject.java:344)
	at org.json.JSONObject.<init>(JSONObject.java:294)
	at org.json.JSONObject.populateInternalMap(JSONObject.java:344)
	at org.json.JSONObject.<init>(JSONObject.java:294)
	at org.json.JSONObject.populateInternalMap(JSONObject.java:344)
	at org.json.JSONObject.<init>(JSONObject.java:294)
	at org.json.JSONObject.populateInternalMap(JSONObject.java:344)
	at org.json.JSONObject.<init>(JSONObject.java:294)
	at org.json.JSONObject.populateInternalMap(JSONObject.java:344)
	at org.json.JSONObject.<init>(JSONObject.java:294)
	at org.json.JSONObject.populateInternalMap(JSONObject.java:344)
	at org.json.JSONObject.<init>(JSONObject.java:294)
	at org.json.JSONObject.populateInternalMap(JSONObject.java:344)
	at org.json.JSONObject.<init>(JSONObject.java:294)
	at org.json.JSONObject.populateInternalMap(JSONObject.java:344)
	at org.json.JSONObject.<init>(JSONObject.java:294)
	at org.json.JSONObject.populateInternalMap(JSONObject.java:344)
	at org.json.JSONObject.<init>(JSONObject.java:294)
	at org.json.JSONObject.populateInternalMap(JSONObject.java:344)
	at org.json.JSONObject.<init>(JSONObject.java:294)
	at org.json.JSONObject.populateInternalMap(JSONObject.java:344)
	at org.json.JSONObject.<init>(JSONObject.java:294)
	at org.json.JSONObject.populateInternalMap(JSONObject.java:344)
	at org.json.JSONObject.<init>(JSONObject.java:294)
	at org.json.JSONObject.populateInternalMap(JSONObject.java:344)
	at org.json.JSONObject.<init>(JSONObject.java:294)
	at org.json.JSONObject.populateInternalMap(JSONObject.java:344)
	at org.json.JSONObject.<init>(JSONObject.java:294)
	at org.json.JSONObject.populateInternalMap(JSONObject.java:344)
	at org.json.JSONObject.<init>(JSONObject.java:294)
	at org.json.JSONObject.populateInternalMap(JSONObject.java:344)
	at org.json.JSONObject.<init>(JSONObject.java:294)
	at org.json.JSONObject.populateInternalMap(JSONObject.java:344)
	at org.json.JSONObject.<init>(JSONObject.java:294)
	at org.json.JSONObject.populateInternalMap(JSONObject.java:344)
	at org.json.JSONObject.<init>(JSONObject.java:294)
	at org.json.JSONObject.populateInternalMap(JSONObject.java:344)
	at org.json.JSONObject.<init>(JSONObject.java:294)
	at org.json.JSONObject.populateInternalMap(JSONObject.java:344)
	at org.json.JSONObject.<init>(JSONObject.java:294)
	at org.json.JSONObject.populateInternalMap(JSONObject.java:344)
	at org.json.JSONObject.<init>(JSONObject.java:294)
	at org.json.JSONObject.populateInternalMap(JSONObject.java:344)
	at org.json.JSONObject.<init>(JSONObject.java:294)
	at org.json.JSONObject.populateInternalMap(JSONObject.java:344)
	at org.json.JSONObject.<init>(JSONObject.java:294)
	at org.json.JSONObject.populateInternalMap(JSONObject.java:344)
	at org.json.JSONObject.<init>(JSONObject.java:294)
	at org.json.JSONObject.populateInternalMap(JSONObject.java:344)
	at org.json.JSONObject.<init>(JSONObject.java:294)
	at org.json.JSONObject.populateInternalMap(JSONObject.java:344)
	at org.json.JSONObject.<init>(JSONObject.java:294)
	at org.json.JSONObject.populateInternalMap(JSONObject.java:344)
	at org.json.JSONObject.<init>(JSONObject.java:294)
	at org.json.JSONObject.populateInternalMap(JSONObject.java:344)
	at org.json.JSONObject.<init>(JSONObject.java:294)
	at org.json.JSONObject.populateInternalMap(JSONObject.java:344)
	at org.json.JSONObject.<init>(JSONObject.java:294)
	at org.json.JSONObject.populateInternalMap(JSONObject.java:344)
	at org.json.JSONObject.<init>(JSONObject.java:294)
	at org.json.JSONObject.populateInternalMap(JSONObject.java:344)
	at org.json.JSONObject.<init>(JSONObject.java:294)
	at org.json.JSONObject.populateInternalMap(JSONObject.java:344)
	at org.json.JSONObject.<init>(JSONObject.java:294)
	at org.json.JSONObject.populateInternalMap(JSONObject.java:344)
	at org.json.JSONObject.<init>(JSONObject.java:294)
	at org.json.JSONObject.populateInternalMap(JSONObject.java:344)
	at org.json.JSONObject.<init>(JSONObject.java:294)
	at org.json.JSONObject.populateInternalMap(JSONObject.java:344)
	at org.json.JSONObject.<init>(JSONObject.java:294)
	at org.json.JSONObject.populateInternalMap(JSONObject.java:344)
	at org.json.JSONObject.<init>(JSONObject.java:294)
	at org.json.JSONObject.populateInternalMap(JSONObject.java:344)
	at org.json.JSONObject.<init>(JSONObject.java:294)
	at org.json.JSONObject.populateInternalMap(JSONObject.java:344)
	at org.json.JSONObject.<init>(JSONObject.java:294)
	at org.json.JSONObject.populateInternalMap(JSONObject.java:344)
	at org.json.JSONObject.<init>(JSONObject.java:294)
	at org.json.JSONObject.populateInternalMap(JSONObject.java:344)
	at org.json.JSONObject.<init>(JSONObject.java:294)
	at org.json.JSONObject.populateInternalMap(JSONObject.java:344)
	at org.json.JSONObject.<init>(JSONObject.java:294)
	at org.json.JSONObject.populateInternalMap(JSONObject.java:344)
	at org.json.JSONObject.<init>(JSONObject.java:294)
	at org.json.JSONObject.populateInternalMap(JSONObject.java:344)
	at org.json.JSONObject.<init>(JSONObject.java:294)
	at org.json.JSONObject.populateInternalMap(JSONObject.java:344)
	at org.json.JSONObject.<init>(JSONObject.java:294)
	at org.json.JSONObject.populateInternalMap(JSONObject.java:344)
	at org.json.JSONObject.<init>(JSONObject.java:294)
	at org.json.JSONObject.populateInternalMap(JSONObject.java:344)
	at org.json.JSONObject.<init>(JSONObject.java:294)
	at org.json.JSONObject.populateInternalMap(JSONObject.java:344)
	at org.json.JSONObject.<init>(JSONObject.java:294)
	at org.json.JSONObject.populateInternalMap(JSONObject.java:344)
	at org.json.JSONObject.<init>(JSONObject.java:294)
	at org.json.JSONObject.populateInternalMap(JSONObject.java:344)
	at org.json.JSONObject.<init>(JSONObject.java:294)
	at org.json.JSONObject.populateInternalMap(JSONObject.java:344)
	at org.json.JSONObject.<init>(JSONObject.java:294)
	at org.json.JSONObject.populateInternalMap(JSONObject.java:344)
	at org.json.JSONObject.<init>(JSONObject.java:294)
	at org.json.JSONObject.populateInternalMap(JSONObject.java:344)
	at org.json.JSONObject.<init>(JSONObject.java:294)
	at org.json.JSONObject.populateInternalMap(JSONObject.java:344)
	at org.json.JSONObject.<init>(JSONObject.java:294)
	at org.json.JSONObject.populateInternalMap(JSONObject.java:344)
	at org.json.JSONObject.<init>(JSONObject.java:294)
	at org.json.JSONObject.populateInternalMap(JSONObject.java:344)
	at org.json.JSONObject.<init>(JSONObject.java:294)
	at org.json.JSONObject.populateInternalMap(JSONObject.java:344)
	at org.json.JSONObject.<init>(JSONObject.java:294)
	at org.json.JSONObject.populateInternalMap(JSONObject.java:344)
	at org.json.JSONObject.<init>(JSONObject.java:294)
	at org.json.JSONObject.populateInternalMap(JSONObject.java:344)
	at org.json.JSONObject.<init>(JSONObject.java:294)
	at org.json.JSONObject.populateInternalMap(JSONObject.java:344)
	at org.json.JSONObject.<init>(JSONObject.java:294)
	at org.json.JSONObject.populateInternalMap(JSONObject.java:344)
	at org.json.JSONObject.<init>(JSONObject.java:294)
	at org.json.JSONObject.populateInternalMap(JSONObject.java:344)
	at org.json.JSONObject.<init>(JSONObject.java:294)
	at org.json.JSONObject.populateInternalMap(JSONObject.java:344)
	at org.json.JSONObject.<init>(JSONObject.java:294)
	at org.json.JSONObject.populateInternalMap(JSONObject.java:344)
	at org.json.JSONObject.<init>(JSONObject.java:294)
	at org.json.JSONObject.populateInternalMap(JSONObject.java:344)
	at org.json.JSONObject.<init>(JSONObject.java:294)
	at org.json.JSONObject.populateInternalMap(JSONObject.java:344)
	at org.json.JSONObject.<init>(JSONObject.java:294)
	at org.json.JSONObject.populateInternalMap(JSONObject.java:344)
	at org.json.JSONObject.<init>(JSONObject.java:294)
	at org.json.JSONObject.populateInternalMap(JSONObject.java:344)
	at org.json.JSONObject.<init>(JSONObject.java:294)
	at org.json.JSONObject.populateInternalMap(JSONObject.java:344)
	at org.json.JSONObject.<init>(JSONObject.java:294)
	at org.json.JSONObject.populateInternalMap(JSONObject.java:344)
	at org.json.JSONObject.<init>(JSONObject.java:294)
	at org.json.JSONObject.populateInternalMap(JSONObject.java:344)
	at org.json.JSONObject.<init>(JSONObject.java:294)
	at org.json.JSONObject.populateInternalMap(JSONObject.java:344)
	at org.json.JSONObject.<init>(JSONObject.java:294)
	at org.json.JSONObject.populateInternalMap(JSONObject.java:344)
	at org.json.JSONObject.<init>(JSONObject.java:294)
	at org.json.JSONObject.populateInternalMap(JSONObject.java:344)
	at org.json.JSONObject.<init>(JSONObject.java:294)
	at org.json.JSONObject.populateInternalMap(JSONObject.java:344)
	at org.json.JSONObject.<init>(JSONObject.java:294)
	at org.json.JSONObject.populateInternalMap(JSONObject.java:344)
	at org.json.JSONObject.<init>(JSONObject.java:294)
	at org.json.JSONObject.populateInternalMap(JSONObject.java:344)
	at org.json.JSONObject.<init>(JSONObject.java:294)
	at org.json.JSONObject.populateInternalMap(JSONObject.java:344)
	at org.json.JSONObject.<init>(JSONObject.java:294)
	at org.json.JSONObject.populateInternalMap(JSONObject.java:344)
	at org.json.JSONObject.<init>(JSONObject.java:294)
	at org.json.JSONObject.populateInternalMap(JSONObject.java:344)
	at org.json.JSONObject.<init>(JSONObject.java:294)
	at org.json.JSONObject.populateInternalMap(JSONObject.java:344)
	at org.json.JSONObject.<init>(JSONObject.java:294)
	at org.json.JSONObject.populateInternalMap(JSONObject.java:344)
	at org.json.JSONObject.<init>(JSONObject.java:294)
	at org.json.JSONObject.populateInternalMap(JSONObject.java:344)
	at org.json.JSONObject.<init>(JSONObject.java:294)
	at org.json.JSONObject.populateInternalMap(JSONObject.java:344)
	at org.json.JSONObject.<init>(JSONObject.java:294)
	at org.json.JSONObject.populateInternalMap(JSONObject.java:344)
	at org.json.JSONObject.<init>(JSONObject.java:294)
	at org.json.JSONObject.populateInternalMap(JSONObject.java:344)
	at org.json.JSONObject.<init>(JSONObject.java:294)
	at org.json.JSONObject.populateInternalMap(JSONObject.java:344)
	at org.json.JSONObject.<init>(JSONObject.java:294)
	at org.json.JSONObject.populateInternalMap(JSONObject.java:344)
	at org.json.JSONObject.<init>(JSONObject.java:294)
	at org.json.JSONObject.populateInternalMap(JSONObject.java:344)
	at org.json.JSONObject.<init>(JSONObject.java:294)
	at org.json.JSONObject.populateInternalMap(JSONObject.java:344)
	at org.json.JSONObject.<init>(JSONObject.java:294)
	at org.json.JSONObject.populateInternalMap(JSONObject.java:344)
	at org.json.JSONObject.<init>(JSONObject.java:294)
	at org.json.JSONObject.populateInternalMap(JSONObject.java:344)
	at org.json.JSONObject.<init>(JSONObject.java:294)
	at org.json.JSONObject.populateInternalMap(JSONObject.java:344)
	at org.json.JSONObject.<init>(JSONObject.java:294)
	at org.json.JSONObject.populateInternalMap(JSONObject.java:344)
	at org.json.JSONObject.<init>(JSONObject.java:294)
	at org.json.JSONObject.populateInternalMap(JSONObject.java:344)
	at org.json.JSONObject.<init>(JSONObject.java:294)
	at org.json.JSONObject.populateInternalMap(JSONObject.java:344)
	at org.json.JSONObject.<init>(JSONObject.java:294)
	at org.json.JSONObject.populateInternalMap(JSONObject.java:344)
	at org.json.JSONObject.<init>(JSONObject.java:294)
]]>
    </error>
  </testcase> <!-- createTransactionwithInvalidCategory -->
</testsuite> <!-- scripts.ApiNegativeTestCases -->
