<?xml version="1.0" encoding="UTF-8"?>
<!-- Generated by org.testng.reporters.JUnitReportReporter -->
<testsuite hostname="DESKTOP-3LK6P0J" name="commonMethods.Testcases" tests="1" failures="0" timestamp="3 Aug 2021 07:33:38 GMT" time="37.223" errors="0">
  <testcase name="outbound_001" time="37.223" classname="commonMethods.Testcases"/>
</testsuite> <!-- commonMethods.Testcases -->
